[CS6004-EVALSCRIPT] Evaluating 200050019
[CS6004-EVALSCRIPT] Testcase Test.java:
[CS6004-EVALSCRIPT] Testcase passed
[CS6004-EVALSCRIPT] Marks for Testcase Test10/Test.java: .50
[CS6004-EVALSCRIPT] Testcase Test.java:
[CS6004-EVALSCRIPT] Testcase output does not match
[CS6004-EVALSCRIPT] Marks for Testcase Test11/Test.java: 0
[CS6004-EVALSCRIPT] Testcase Test.java:
[CS6004-EVALSCRIPT] Testcase passed
[CS6004-EVALSCRIPT] Marks for Testcase Test12/Test.java: .50
[CS6004-EVALSCRIPT] Testcase Test.java:
[CS6004-EVALSCRIPT] Testcase passed
[CS6004-EVALSCRIPT] Marks for Testcase Test13/Test.java: .50
[CS6004-EVALSCRIPT] Testcase Test.java:
[CS6004-EVALSCRIPT] Testcase output does not match
[CS6004-EVALSCRIPT] Marks for Testcase Test14/Test.java: 0
[CS6004-EVALSCRIPT] Testcase Test.java:
[CS6004-EVALSCRIPT] Testcase passed
[CS6004-EVALSCRIPT] Marks for Testcase Test15/Test.java: .50
[CS6004-EVALSCRIPT] Testcase Test.java:
[CS6004-EVALSCRIPT] Testcase output does not match
[CS6004-EVALSCRIPT] Marks for Testcase Test16/Test.java: 0
[CS6004-EVALSCRIPT] Testcase Test.java:
[CS6004-EVALSCRIPT] Testcase output does not match
[CS6004-EVALSCRIPT] Marks for Testcase Test17/Test.java: 0
[CS6004-EVALSCRIPT] Testcase Test.java:
[CS6004-EVALSCRIPT] Testcase output does not match
[CS6004-EVALSCRIPT] Marks for Testcase Test18/Test.java: 0
[CS6004-EVALSCRIPT] Testcase Test.java:
[CS6004-EVALSCRIPT] Testcase output does not match
[CS6004-EVALSCRIPT] Marks for Testcase Test19/Test.java: 0
[CS6004-EVALSCRIPT] Testcase Test.java:
[CS6004-EVALSCRIPT] Testcase output does not match
[CS6004-EVALSCRIPT] Marks for Testcase Test1/Test.java: 0
[CS6004-EVALSCRIPT] Testcase Test.java:
[CS6004-EVALSCRIPT] Testcase passed
[CS6004-EVALSCRIPT] Marks for Testcase Test20/Test.java: .50
[CS6004-EVALSCRIPT] Testcase Test.java:
[CS6004-EVALSCRIPT] Testcase output does not match
[CS6004-EVALSCRIPT] Marks for Testcase Test2/Test.java: 0
[CS6004-EVALSCRIPT] Testcase Test.java:
[CS6004-EVALSCRIPT] Testcase output does not match
[CS6004-EVALSCRIPT] Marks for Testcase Test3/Test.java: 0
[CS6004-EVALSCRIPT] Testcase Test.java:
[CS6004-EVALSCRIPT] Testcase output does not match
[CS6004-EVALSCRIPT] Marks for Testcase Test4/Test.java: 0
[CS6004-EVALSCRIPT] Testcase Test.java:
[CS6004-EVALSCRIPT] Testcase output does not match
[CS6004-EVALSCRIPT] Marks for Testcase Test5/Test.java: 0
[CS6004-EVALSCRIPT] Testcase Test.java:
[CS6004-EVALSCRIPT] Testcase output does not match
[CS6004-EVALSCRIPT] Marks for Testcase Test6/Test.java: 0
[CS6004-EVALSCRIPT] Testcase Test.java:
[CS6004-EVALSCRIPT] Testcase output does not match
[CS6004-EVALSCRIPT] Marks for Testcase Test7/Test.java: 0
[CS6004-EVALSCRIPT] Testcase Test.java:
[CS6004-EVALSCRIPT] Testcase output does not match
[CS6004-EVALSCRIPT] Marks for Testcase Test8/Test.java: 0
[CS6004-EVALSCRIPT] Testcase Test.java:
[CS6004-EVALSCRIPT] Testcase output does not match
[CS6004-EVALSCRIPT] Marks for Testcase Test9/Test.java: 0
[CS6004-EVALSCRIPT] 200050019 got 2.50 marks.
